['NAME,SIZE,TEXTURE WIDTH,TEXTURE HEIGHT', 'Helvetica,72,2048,2048', 'Helvetica,8,2048,2048', 'Helvetica,32,2048,2048', 'Helvetica,64,2048,2048', 'Helvetica,128,2048,2048', 'Ariel,8,2048,2048', 'Monaco,32,2048,2048']
[['Helvetica', '72', '2048', '2048'], ['Helvetica', '8', '2048', '2048'], ['Helvetica', '32', '2048', '2048'], ['Helvetica', '64', '2048', '2048'], ['Helvetica', '128', '2048', '2048'], ['Ariel', '8', '2048', '2048'], ['Monaco', '32', '2048', '2048']]
('written:', '../assets/images/en.lproj/Ariel_8_0_Localized.png')
('compressed:', '../assets/images/en.lproj/Ariel_8_0_Localized.png', ' to ', '../assets/images/en.lproj/Ariel_8_0_Localized.pvr')
('written:', <open file '../assets/strings/en.lproj/Ariel_Localized.strings', mode 'wb' at 0x10c7e5c00>)
('written:', '../assets/images/en.lproj/Helvetica_72_0_Localized.png')
('compressed:', '../assets/images/en.lproj/Helvetica_72_0_Localized.png', ' to ', '../assets/images/en.lproj/Helvetica_72_0_Localized.pvr')
('written:', '../assets/images/en.lproj/Helvetica_8_0_Localized.png')
('compressed:', '../assets/images/en.lproj/Helvetica_8_0_Localized.png', ' to ', '../assets/images/en.lproj/Helvetica_8_0_Localized.pvr')
('written:', '../assets/images/en.lproj/Helvetica_32_0_Localized.png')
('compressed:', '../assets/images/en.lproj/Helvetica_32_0_Localized.png', ' to ', '../assets/images/en.lproj/Helvetica_32_0_Localized.pvr')
('written:', '../assets/images/en.lproj/Helvetica_64_0_Localized.png')
('compressed:', '../assets/images/en.lproj/Helvetica_64_0_Localized.png', ' to ', '../assets/images/en.lproj/Helvetica_64_0_Localized.pvr')
('written:', '../assets/images/en.lproj/Helvetica_128_0_Localized.png')
('compressed:', '../assets/images/en.lproj/Helvetica_128_0_Localized.png', ' to ', '../assets/images/en.lproj/Helvetica_128_0_Localized.pvr')
('written:', <open file '../assets/strings/en.lproj/Helvetica_Localized.strings', mode 'wb' at 0x10c7e5c90>)
('written:', '../assets/images/en.lproj/Monaco_32_0_Localized.png')
('compressed:', '../assets/images/en.lproj/Monaco_32_0_Localized.png', ' to ', '../assets/images/en.lproj/Monaco_32_0_Localized.pvr')
('written:', <open file '../assets/strings/en.lproj/Monaco_Localized.strings', mode 'wb' at 0x10c7e5c00>)
('written:', '../assets/images/es.lproj/Ariel_8_0_Localized.png')
('compressed:', '../assets/images/es.lproj/Ariel_8_0_Localized.png', ' to ', '../assets/images/es.lproj/Ariel_8_0_Localized.pvr')
('written:', <open file '../assets/strings/es.lproj/Ariel_Localized.strings', mode 'wb' at 0x10c7e5c90>)
('written:', '../assets/images/es.lproj/Helvetica_72_0_Localized.png')
('compressed:', '../assets/images/es.lproj/Helvetica_72_0_Localized.png', ' to ', '../assets/images/es.lproj/Helvetica_72_0_Localized.pvr')
('written:', '../assets/images/es.lproj/Helvetica_8_0_Localized.png')
('compressed:', '../assets/images/es.lproj/Helvetica_8_0_Localized.png', ' to ', '../assets/images/es.lproj/Helvetica_8_0_Localized.pvr')
('written:', '../assets/images/es.lproj/Helvetica_32_0_Localized.png')
('compressed:', '../assets/images/es.lproj/Helvetica_32_0_Localized.png', ' to ', '../assets/images/es.lproj/Helvetica_32_0_Localized.pvr')
('written:', '../assets/images/es.lproj/Helvetica_64_0_Localized.png')
('compressed:', '../assets/images/es.lproj/Helvetica_64_0_Localized.png', ' to ', '../assets/images/es.lproj/Helvetica_64_0_Localized.pvr')
('written:', '../assets/images/es.lproj/Helvetica_128_0_Localized.png')
('compressed:', '../assets/images/es.lproj/Helvetica_128_0_Localized.png', ' to ', '../assets/images/es.lproj/Helvetica_128_0_Localized.pvr')
('written:', <open file '../assets/strings/es.lproj/Helvetica_Localized.strings', mode 'wb' at 0x10c7e5c00>)
('written:', '../assets/images/es.lproj/Monaco_32_0_Localized.png')
('compressed:', '../assets/images/es.lproj/Monaco_32_0_Localized.png', ' to ', '../assets/images/es.lproj/Monaco_32_0_Localized.pvr')
('written:', <open file '../assets/strings/es.lproj/Monaco_Localized.strings', mode 'wb' at 0x10c7e5c90>)
('written:', '../assets/images/es-MX.lproj/Ariel_8_0_Localized.png')
('compressed:', '../assets/images/es-MX.lproj/Ariel_8_0_Localized.png', ' to ', '../assets/images/es-MX.lproj/Ariel_8_0_Localized.pvr')
('written:', <open file '../assets/strings/es-MX.lproj/Ariel_Localized.strings', mode 'wb' at 0x10c7e5c00>)
('written:', '../assets/images/es-MX.lproj/Helvetica_72_0_Localized.png')
('compressed:', '../assets/images/es-MX.lproj/Helvetica_72_0_Localized.png', ' to ', '../assets/images/es-MX.lproj/Helvetica_72_0_Localized.pvr')
('written:', '../assets/images/es-MX.lproj/Helvetica_8_0_Localized.png')
('compressed:', '../assets/images/es-MX.lproj/Helvetica_8_0_Localized.png', ' to ', '../assets/images/es-MX.lproj/Helvetica_8_0_Localized.pvr')
('written:', '../assets/images/es-MX.lproj/Helvetica_32_0_Localized.png')
('compressed:', '../assets/images/es-MX.lproj/Helvetica_32_0_Localized.png', ' to ', '../assets/images/es-MX.lproj/Helvetica_32_0_Localized.pvr')
('written:', '../assets/images/es-MX.lproj/Helvetica_64_0_Localized.png')
('compressed:', '../assets/images/es-MX.lproj/Helvetica_64_0_Localized.png', ' to ', '../assets/images/es-MX.lproj/Helvetica_64_0_Localized.pvr')
('written:', '../assets/images/es-MX.lproj/Helvetica_128_0_Localized.png')
('compressed:', '../assets/images/es-MX.lproj/Helvetica_128_0_Localized.png', ' to ', '../assets/images/es-MX.lproj/Helvetica_128_0_Localized.pvr')
('written:', <open file '../assets/strings/es-MX.lproj/Helvetica_Localized.strings', mode 'wb' at 0x10c7e5c90>)
('written:', '../assets/images/es-MX.lproj/Monaco_32_0_Localized.png')
('compressed:', '../assets/images/es-MX.lproj/Monaco_32_0_Localized.png', ' to ', '../assets/images/es-MX.lproj/Monaco_32_0_Localized.pvr')
('written:', <open file '../assets/strings/es-MX.lproj/Monaco_Localized.strings', mode 'wb' at 0x10c7e5c00>)
('written:', <open file '../src/view/text/LocalizedTextViewObjectTypes.h', mode 'wb' at 0x10c7e5c90>)
('written:', <open file '../src/view/text/LocalizedTextViewObjectTypes.mm', mode 'wb' at 0x10c7e5d20>)
