#ifndef BaseProject_JLIEngineCommon_h
#define BaseProject_JLIEngineCommon_h
#include "control/abstractclasses/AbstractBehavior.h"
#include "control/abstractclasses/AbstractCounter.h"
#include "control/abstractclasses/AbstractFactory.h"
#include "control/abstractclasses/AbstractFactoryIncludes.h"
#include "control/abstractclasses/AbstractLuaFactoryObject.h"
#include "control/abstractclasses/AbstractSharedFactory.h"
#include "control/abstractclasses/AbstractSingleton.h"
#include "control/abstractclasses/AbstractState.h"
#include "control/abstractclasses/AbstractStateMachine.h"
#include "control/entity/animation/BaseEntityAnimationController.h"
#include "control/entity/animation/factory/AnimationController2DTest.h"
#include "control/entity/animation/factory/AnimationControllerFactory.h"
#include "control/entity/animation/factory/AnimationControllerFactoryIncludes.h"
#include "control/entity/camera/BaseCamera.h"
#include "control/entity/camera/CameraEntity.h"
#include "control/entity/camera/CameraPhysicsEntity.h"
#include "control/entity/camera/CameraSteeringEntity.h"
#include "control/entity/camera/factory/CameraFactory.h"
#include "control/entity/camera/factory/CameraFactoryIncludes.h"
#include "control/entity/collisionfilter/BaseCollisionFilterBehavior.h"
#include "control/entity/collisionfilter/derived/FinishLevelCollisionFilterBehavior.h"
#include "control/entity/collisionfilter/derived/GGJConeCollisionFilterBehavior.h"
#include "control/entity/collisionfilter/derived/GGJObjectCollisionFilterBehavior.h"
#include "control/entity/collisionfilter/derived/GGJPlaneCollisionFilterBehavior.h"
#include "control/entity/collisionfilter/derived/GGJPlayerCollisionFilterBehavior.h"
#include "control/entity/collisionfilter/derived/MazePickupCollisionFilterBehavior.h"
#include "control/entity/collisionfilter/derived/PlayerCollisionFilterBehavior.h"
#include "control/entity/collisionfilter/factory/CollisionFilterBehaviorFactory.h"
#include "control/entity/collisionfilter/factory/CollisionFilterBehaviorFactoryIncludes.h"
#include "control/entity/collisionresponse/BaseCollisionResponseBehavior.h"
#include "control/entity/collisionresponse/derived/FinishLevelCollisionResponseBehavior.h"
#include "control/entity/collisionresponse/derived/GGJDyingCollisionResponse.h"
#include "control/entity/collisionresponse/derived/GGJEvadeCollisionResponse.h"
#include "control/entity/collisionresponse/derived/GGJPursueCollisionResponse.h"
#include "control/entity/collisionresponse/derived/LuaCollisionResponseBehavior.h"
#include "control/entity/collisionresponse/derived/MazePickupCollisionResponseBehavior.h"
#include "control/entity/collisionresponse/derived/PlayerCollisionResponseBehavior.h"
#include "control/entity/collisionresponse/derived/SwitchToEvadeCollisionResponseBehavior.h"
#include "control/entity/collisionresponse/factory/CollisionResponseBehaviorFactory.h"
#include "control/entity/collisionresponse/factory/CollisionResponseBehaviorFactoryIncludes.h"
#include "control/entity/entity/BaseEntity.h"
#include "control/entity/entity/factory/EntityFactory.h"
#include "control/entity/entity/factory/EntityFactoryIncludes.h"
#include "control/entity/entity/GhostEntity.h"
#include "control/entity/entity/RigidEntity.h"
#include "control/entity/entity/SoftEntity.h"
#include "control/entity/entity/SteeringEntity.h"
#include "control/entity/statemachine/BaseEntityState.h"
#include "control/entity/statemachine/derived/GGJEvadeState.h"
#include "control/entity/statemachine/derived/GGJPursueState.h"
#include "control/entity/statemachine/derived/LuaEntityState.h"
#include "control/entity/statemachine/derived/ObjectFallState.h"
#include "control/entity/statemachine/EntityStateMachine.h"
#include "control/entity/statemachine/factory/EntityStateFactory.h"
#include "control/entity/statemachine/factory/EntityStateMachineFactory.h"
#include "control/entity/statemachine/factory/EntityStateMachineFactoryIncludes.h"
#include "control/entity/statemachine/Messaging/MessageDispatcher.h"
#include "control/entity/statemachine/Messaging/Telegram.h"
#include "control/entity/steering/BaseEntitySteeringBehavior.h"
#include "control/entity/steering/derived/WeightedSteeringBehavior.h"
#include "control/entity/steering/factory/SteeringBehaviorFactory.h"
#include "control/entity/steering/factory/SteeringBehaviorFactoryIncludes.h"
#include "control/entity/steering/headingsmoother/HeadingSmoother.h"
#include "control/entity/steering/Path.h"
#include "control/entity/steering/SteeringBehaviors_FROMBOOK.h"
#include "control/entity/updating/BaseUpdateBehavior.h"
#include "control/entity/updating/derived/LuaUpdateBehavior.h"
#include "control/entity/updating/derived/ObjectUpdateBehavior.h"
#include "control/entity/updating/derived/PlayerUpdateBehavior.h"
#include "control/entity/updating/factory/UpdateBehaviorFactory.h"
#include "control/entity/updating/factory/UpdateBehaviorFactoryIncludes.h"
#include "control/framecounter/FrameCounter.h"
#include "control/gamestates/BaseGameState.h"
#include "control/gamestates/derived/BaseTestState.h"
#include "control/gamestates/derived/CameraAndControlTestState.h"
#include "control/gamestates/derived/DebugGameState.h"
#include "control/gamestates/derived/DynamicImageTestState.h"
#include "control/gamestates/derived/FontTestState.h"
#include "control/gamestates/derived/GlobalGameJamGame.h"
#include "control/gamestates/derived/LoadGameState.h"
#include "control/gamestates/derived/LuaTestGameState.h"
#include "control/gamestates/derived/MazeGameStates/MazeGameState.h"
#include "control/gamestates/derived/MazeGameStates/MazeGameState_Lose.h"
#include "control/gamestates/derived/MazeGameStates/MazeGameState_NextLevel.h"
#include "control/gamestates/derived/MazeGameStates/MazeGameState_OLD.h"
#include "control/gamestates/derived/MazeGameStates/MazeGameState_Play.h"
#include "control/gamestates/derived/MazeGameStates/MazeGameState_PreviousLevel.h"
#include "control/gamestates/derived/MazeGameStates/MazeGameState_ReadySetGo.h"
#include "control/gamestates/derived/MazeGameStates/MazeGameState_Win.h"
#include "control/gamestates/derived/MazeTestState.h"
#include "control/gamestates/derived/MemoryLeakFinder.h"
#include "control/gamestates/derived/PathTestState.h"
#include "control/gamestates/derived/PhysicsEntityTestState.h"
#include "control/gamestates/derived/RotationGameState.h"
#include "control/gamestates/derived/SkyboxTestState.h"
#include "control/gamestates/derived/SpriteTestState.h"
#include "control/gamestates/derived/SteeringBehaviorTestState.h"
#include "control/gamestates/derived/ViewEntityTestState.h"
#include "control/gamestates/factory/GameStateFactory.h"
#include "control/gamestates/factory/GameStateMachine.h"
#include "control/In-App Purchase/IAPHelper.h"
#include "control/In-App Purchase/RageIAPHelper.h"
#include "control/input/DeviceInput.h"
#include "control/input/PlayerInput.h"
#include "control/lua/jli_engine_swig.h"
#include "control/lua/LuaVM.h"
#include "control/mazegenerator/MazeCreator.h"
#include "control/mazegenerator/MeshMazeCreator.h"
#include "control/physics/collisionshape/factory/CollisionShapeFactory.h"
#include "control/physics/collisionshape/factory/CollisionShapeFactoryIncludes.h"
#include "control/physics/OcclusionBuffer.h"
#include "control/physics/SceneRenderer.h"
#include "control/physics/WorldPhysics.h"
#include "control/social/facebook/FacebookSingleton.h"
#include "geometry.h"
#include "include/UtilityFunctions.h"
#include "JLIEngineCommon copy.h"
#include "JLIEngineCommon.h"
#include "jliTransform.h"
#include "model/loading/FileLoader.h"
#include "model/loading/IcoSphereCreator.h"
#include "model/loading/LocalizedTextLoader.h"
#include "model/loading/shader/factory/ShaderFactory.h"
#include "model/loading/shader/factory/ShaderFactoryIncludes.h"
#include "model/loading/sound/BackgroundMusicPlayer.h"
#include "model/loading/sound/SingletonSoundManager.h"
#include "model/loading/texture/factory/TextureFactory.h"
#include "model/loading/texture/factory/TextureFactoryIncludes.h"
#include "model/loading/VertexAttributeLoader.h"
#include "model/loading/VertexAttributesInclude.h"
#include "model/loading/ZipFileResourceLoader.h"
#include "model/UserSettings/UserSettingsSingleton.h"
#include "model/variableTweaker/AngularDampingDebugVariable.h"
#include "model/variableTweaker/DebugVariable.h"
#include "model/variableTweaker/DebugVariableFactory.h"
#include "model/variableTweaker/DebugVariableFactoryIncludes.h"
#include "model/variableTweaker/FrictionDebugVariable.h"
#include "model/variableTweaker/LinearDampingDebugVariable.h"
#include "model/variableTweaker/MassDebugVariable.h"
#include "model/variableTweaker/MazeDebugVariable.h"
#include "model/variableTweaker/MazeDebugVariable2.h"
#include "model/variableTweaker/RestitutionDebugVariable.h"
#include "view/debug/GLDebugDrawer.h"
#include "view/material/factory/VBOMaterialFactory.h"
#include "view/material/factory/VBOMaterialFactoryIncludes.h"
#include "view/material/VBOMaterial.h"
#include "view/particles/BaseParticleEmitterBehavior.h"
#include "view/particles/factory/ParticleEmitterBehaviorFactory.h"
#include "view/particles/factory/ParticleEmitterBehaviorFactoryIncludes.h"
#include "view/text/BaseTextViewObject.h"
#include "view/text/factory/TextViewObjectFactory.h"
#include "view/text/factory/TextViewObjectFactoryIncludes.h"
#include "view/text/LocalizedTextViewObjectTypes.h"
#include "view/text/TextViewObjectTypes.h"
#include "view/texture/frameobject/BaseTextureBufferObject.h"
#include "view/texture/frameobject/derived/EntityTextureBufferObject.h"
#include "view/texture/frameobject/derived/MazeMiniMapFBO.h"
#include "view/texture/frameobject/derived/SceneTextureBufferObject.h"
#include "view/texture/frameobject/factory/TextureBufferObjectFactory.h"
#include "view/texture/frameobject/factory/TextureBufferObjectFactoryIncludes.h"
#include "view/texture/imageeditor/derived/PNGImageFileEditor.h"
#include "view/texture/imageeditor/factory/ImageFileEditorFactory.h"
#include "view/texture/imageeditor/factory/ImageFileEditorFactoryIncludes.h"
#include "view/texture/imageeditor/ImageFileEditor.h"
#include "view/texturebehavior/BaseTextureBehavior.h"
#include "view/texturebehavior/factory/TextureBehaviorFactory.h"
#include "view/texturebehavior/factory/TextureBehaviorFactoryIncludes.h"
#include "view/viewobject/BaseViewObject.h"
#include "view/viewobject/factory/VertexBufferObjectFactory.h"
#include "view/viewobject/factory/VertexBufferObjectFactoryIncludes.h"
#include "view/viewobject/factory/ViewObjectFactory.h"
#include "view/viewobject/factory/ViewObjectFactoryIncludes.h"
#include "view/viewobject/VertexBufferObject.h"
#include "view/viewobject/ViewObjectTransformArray.h"
#endif
